# JRE version: OpenJDK Runtime Environment (8.0_242-b01) (build 1.8.0_242-release-1644-b01)
# Java VM: OpenJDK 64-Bit Server VM (25.242-b01 mixed mode windows-amd64 compressed oops)
Heap:
 PSYoungGen      total 642560K, used 506136K [0x00000000d5580000, 0x0000000100000000, 0x0000000100000000)
  eden space 590336K, 84% used [0x00000000d5580000,0x00000000f3c7ebe8,0x00000000f9600000)
  from space 52224K, 14% used [0x00000000f9600000,0x00000000f9d47558,0x00000000fc900000)
  to   space 51200K, 0% used [0x00000000fce00000,0x00000000fce00000,0x0000000100000000)
 ParOldGen       total 192512K, used 110298K [0x0000000080000000, 0x000000008bc00000, 0x00000000d5580000)
  object space 192512K, 57% used [0x0000000080000000,0x0000000086bb6890,0x000000008bc00000)
 Metaspace       used 114582K, capacity 120108K, committed 120216K, reserved 1153024K
  class space    used 14707K, capacity 15782K, committed 15792K, reserved 1048576K
GC Heap History (10 events):
Event: 310.718 GC heap before
{Heap before GC invocations=31 (full 4):
 PSYoungGen      total 543232K, used 490496K [0x00000000d5580000, 0x00000000faf80000, 0x0000000100000000)
  eden space 490496K, 100% used [0x00000000d5580000,0x00000000f3480000,0x00000000f3480000)
  from space 52736K, 0% used [0x00000000f6580000,0x00000000f6580000,0x00000000f9900000)
  to   space 50176K, 0% used [0x00000000f3480000,0x00000000f3480000,0x00000000f6580000)
 ParOldGen       total 192512K, used 63604K [0x0000000080000000, 0x000000008bc00000, 0x00000000d5580000)
  object space 192512K, 33% used [0x0000000080000000,0x0000000083e1d080,0x000000008bc00000)
 Metaspace       used 99005K, capacity 103474K, committed 103704K, reserved 1138688K
  class space    used 12690K, capacity 13565K, committed 13616K, reserved 1048576K
Event: 310.753 GC heap after
Heap after GC invocations=31 (full 4):
 PSYoungGen      total 540672K, used 8026K [0x00000000d5580000, 0x00000000fe300000, 0x0000000100000000)
  eden space 490496K, 0% used [0x00000000d5580000,0x00000000d5580000,0x00000000f3480000)
  from space 50176K, 15% used [0x00000000f3480000,0x00000000f3c56ac0,0x00000000f6580000)
  to   space 49152K, 0% used [0x00000000fb300000,0x00000000fb300000,0x00000000fe300000)
 ParOldGen       total 192512K, used 63612K [0x0000000080000000, 0x000000008bc00000, 0x00000000d5580000)
  object space 192512K, 33% used [0x0000000080000000,0x0000000083e1f080,0x000000008bc00000)
 Metaspace       used 99005K, capacity 103474K, committed 103704K, reserved 1138688K
  class space    used 12690K, capacity 13565K, committed 13616K, reserved 1048576K
}
Event: 327.077 GC heap before
{Heap before GC invocations=32 (full 4):
 PSYoungGen      total 540672K, used 498522K [0x00000000d5580000, 0x00000000fe300000, 0x0000000100000000)
  eden space 490496K, 100% used [0x00000000d5580000,0x00000000f3480000,0x00000000f3480000)
  from space 50176K, 15% used [0x00000000f3480000,0x00000000f3c56ac0,0x00000000f6580000)
  to   space 49152K, 0% used [0x00000000fb300000,0x00000000fb300000,0x00000000fe300000)
 ParOldGen       total 192512K, used 63612K [0x0000000080000000, 0x000000008bc00000, 0x00000000d5580000)
  object space 192512K, 33% used [0x0000000080000000,0x0000000083e1f080,0x000000008bc00000)
 Metaspace       used 112647K, capacity 117874K, committed 118040K, reserved 1150976K
  class space    used 14566K, capacity 15625K, committed 15664K, reserved 1048576K
Event: 327.219 GC heap after
Heap after GC invocations=32 (full 4):
 PSYoungGen      total 613376K, used 44110K [0x00000000d5580000, 0x00000000ff000000, 0x0000000100000000)
  eden space 564224K, 0% used [0x00000000d5580000,0x00000000d5580000,0x00000000f7c80000)
  from space 49152K, 89% used [0x00000000fb300000,0x00000000fde13ab0,0x00000000fe300000)
  to   space 55808K, 0% used [0x00000000f7c80000,0x00000000f7c80000,0x00000000fb300000)
 ParOldGen       total 192512K, used 67784K [0x0000000080000000, 0x000000008bc00000, 0x00000000d5580000)
  object space 192512K, 35% used [0x0000000080000000,0x00000000842321c8,0x000000008bc00000)
 Metaspace       used 112647K, capacity 117874K, committed 118040K, reserved 1150976K
  class space    used 14566K, capacity 15625K, committed 15664K, reserved 1048576K
}
Event: 336.775 GC heap before
{Heap before GC invocations=33 (full 4):
 PSYoungGen      total 613376K, used 608334K [0x00000000d5580000, 0x00000000ff000000, 0x0000000100000000)
  eden space 564224K, 100% used [0x00000000d5580000,0x00000000f7c80000,0x00000000f7c80000)
  from space 49152K, 89% used [0x00000000fb300000,0x00000000fde13ab0,0x00000000fe300000)
  to   space 55808K, 0% used [0x00000000f7c80000,0x00000000f7c80000,0x00000000fb300000)
 ParOldGen       total 192512K, used 67784K [0x0000000080000000, 0x000000008bc00000, 0x00000000d5580000)
  object space 192512K, 35% used [0x0000000080000000,0x00000000842321c8,0x000000008bc00000)
 Metaspace       used 114190K, capacity 119566K, committed 119704K, reserved 1153024K
  class space    used 14696K, capacity 15771K, committed 15792K, reserved 1048576K
Event: 336.989 GC heap after
Heap after GC invocations=33 (full 4):
 PSYoungGen      total 620032K, used 19065K [0x00000000d5580000, 0x0000000100000000, 0x0000000100000000)
  eden space 564224K, 0% used [0x00000000d5580000,0x00000000d5580000,0x00000000f7c80000)
  from space 55808K, 34% used [0x00000000f7c80000,0x00000000f8f1e790,0x00000000fb300000)
  to   space 52736K, 0% used [0x00000000fcc80000,0x00000000fcc80000,0x0000000100000000)
 ParOldGen       total 192512K, used 93362K [0x0000000080000000, 0x000000008bc00000, 0x00000000d5580000)
  object space 192512K, 48% used [0x0000000080000000,0x0000000085b2c980,0x000000008bc00000)
 Metaspace       used 114190K, capacity 119566K, committed 119704K, reserved 1153024K
  class space    used 14696K, capacity 15771K, committed 15792K, reserved 1048576K
}
Event: 341.632 GC heap before
{Heap before GC invocations=34 (full 4):
 PSYoungGen      total 620032K, used 583289K [0x00000000d5580000, 0x0000000100000000, 0x0000000100000000)
  eden space 564224K, 100% used [0x00000000d5580000,0x00000000f7c80000,0x00000000f7c80000)
  from space 55808K, 34% used [0x00000000f7c80000,0x00000000f8f1e790,0x00000000fb300000)
  to   space 52736K, 0% used [0x00000000fcc80000,0x00000000fcc80000,0x0000000100000000)
 ParOldGen       total 192512K, used 93362K [0x0000000080000000, 0x000000008bc00000, 0x00000000d5580000)
  object space 192512K, 48% used [0x0000000080000000,0x0000000085b2c980,0x000000008bc00000)
 Metaspace       used 114346K, capacity 119748K, committed 119960K, reserved 1153024K
  class space    used 14706K, capacity 15780K, committed 15792K, reserved 1048576K
Event: 341.703 GC heap after
Heap after GC invocations=34 (full 4):
 PSYoungGen      total 638976K, used 4356K [0x00000000d5580000, 0x00000000ffc00000, 0x0000000100000000)
  eden space 590336K, 0% used [0x00000000d5580000,0x00000000d5580000,0x00000000f9600000)
  from space 48640K, 8% used [0x00000000fcc80000,0x00000000fd0c1030,0x00000000ffc00000)
  to   space 52224K, 0% used [0x00000000f9600000,0x00000000f9600000,0x00000000fc900000)
 ParOldGen       total 192512K, used 107127K [0x0000000080000000, 0x000000008bc00000, 0x00000000d5580000)
  object space 192512K, 55% used [0x0000000080000000,0x000000008689dc20,0x000000008bc00000)
 Metaspace       used 114346K, capacity 119748K, committed 119960K, reserved 1153024K
  class space    used 14706K, capacity 15780K, committed 15792K, reserved 1048576K
}
Event: 344.591 GC heap before
{Heap before GC invocations=35 (full 4):
 PSYoungGen      total 638976K, used 594692K [0x00000000d5580000, 0x00000000ffc00000, 0x0000000100000000)
  eden space 590336K, 100% used [0x00000000d5580000,0x00000000f9600000,0x00000000f9600000)
  from space 48640K, 8% used [0x00000000fcc80000,0x00000000fd0c1030,0x00000000ffc00000)
  to   space 52224K, 0% used [0x00000000f9600000,0x00000000f9600000,0x00000000fc900000)
 ParOldGen       total 192512K, used 107127K [0x0000000080000000, 0x000000008bc00000, 0x00000000d5580000)
  object space 192512K, 55% used [0x0000000080000000,0x000000008689dc20,0x000000008bc00000)
 Metaspace       used 114425K, capacity 119824K, committed 119960K, reserved 1153024K
  class space    used 14706K, capacity 15780K, committed 15792K, reserved 1048576K
Event: 344.626 GC heap after
Heap after GC invocations=35 (full 4):
 PSYoungGen      total 642560K, used 7453K [0x00000000d5580000, 0x0000000100000000, 0x0000000100000000)
  eden space 590336K, 0% used [0x00000000d5580000,0x00000000d5580000,0x00000000f9600000)
  from space 52224K, 14% used [0x00000000f9600000,0x00000000f9d47558,0x00000000fc900000)
  to   space 51200K, 0% used [0x00000000fce00000,0x00000000fce00000,0x0000000100000000)
 ParOldGen       total 192512K, used 110298K [0x0000000080000000, 0x000000008bc00000, 0x00000000d5580000)
  object space 192512K, 57% used [0x0000000080000000,0x0000000086bb6890,0x000000008bc00000)
 Metaspace       used 114425K, capacity 119824K, committed 119960K, reserved 1153024K
  class space    used 14706K, capacity 15780K, committed 15792K, reserved 1048576K
}

